<?xml version="1.0" encoding="UTF-8"?>
<!-- Generated by org.testng.reporters.JUnitXMLReporter -->
<testsuite ignored="0" hostname="DESKTOP-2HI8SK2" failures="0" tests="5" name="Surefire test" time="31.521" errors="0" timestamp="2024-02-13T01:27:22 IST">
  <testcase classname="tests.FourTest" name="testFour" time="0.007"/>
  <testcase classname="tests.LoginTest" name="login" time="1.902"/>
  <testcase classname="tests.LoginTest" name="login" time="11.397"/>
  <testcase classname="tests.ThreeTest" name="testThree" time="0.0"/>
  <testcase classname="tests.TwoTest" name="testTwo" time="0.0"/>
</testsuite> <!-- Surefire test -->
