<?xml version="1.0" encoding="UTF-8"?>
<!-- Generated by org.testng.reporters.JUnitXMLReporter -->
<testsuite ignored="0" hostname="DESKTOP-2HI8SK2" failures="0" tests="4" name="Test" time="54.059" errors="0" timestamp="2024-02-13T23:49:59 IST">
  <testcase classname="tests.FourTest" name="testFour" time="28.442"/>
  <testcase classname="tests.TwoTest" name="testTwo" time="7.318"/>
  <testcase classname="tests.LoginTest" name="login" time="1.395"/>
  <testcase classname="tests.ThreeTest" name="testThree" time="7.896"/>
</testsuite> <!-- Test -->
